2023-06-20 13:40:40 - DEBUG - GET https://api.split.io/internal/api/v2/workspaces?limit=20&offset=0
2023-06-20 13:40:40 - DEBUG - HEADERS: {'Authorization': 'Bearer n2ma78it4t272mq00elmkrshkhdr64btanh1'}
2023-06-20 13:40:40 - DEBUG - Starting new HTTPS connection (1): api.split.io:443
2023-06-20 13:40:41 - DEBUG - https://api.split.io:443 "GET /internal/api/v2/workspaces?limit=20&offset=0 HTTP/1.1" 200 285
2023-06-20 13:40:41 - DEBUG - RESPONSE: {"objects":[{"id":"2633fba0-5183-11ed-ad41-b209467b75a1","name":"Default","type":"workspace","requiresTitleAndComments":false},{"id":"e33a8750-a25f-11ed-8d21-02ab4ebc0647","name":"TestWokSpace","type":"workspace","requiresTitleAndComments":false},{"id":"8ad2c5c0-d1dd-11ed-87b1-2e58ca76b74c","name":"WorkSpace2","type":"workspace","requiresTitleAndComments":false},{"id":"7bf4b330-da4b-11ed-a48d-aacd30f67dd9","name":"test","type":"workspace","requiresTitleAndComments":false},{"id":"59a154f0-de3d-11ed-9fa7-ca071b95f85e","name":"testdelete","type":"workspace","requiresTitleAndComments":false}],"offset":0,"limit":20,"totalCount":5}
2023-06-20 13:40:42 - DEBUG - GET https://api.split.io/internal/api/v2/environments/ws/2633fba0-5183-11ed-ad41-b209467b75a1
2023-06-20 13:40:42 - DEBUG - HEADERS: {'Authorization': 'Bearer n2ma78it4t272mq00elmkrshkhdr64btanh1'}
2023-06-20 13:40:42 - DEBUG - Starting new HTTPS connection (1): api.split.io:443
2023-06-20 13:40:42 - DEBUG - https://api.split.io:443 "GET /internal/api/v2/environments/ws/2633fba0-5183-11ed-ad41-b209467b75a1 HTTP/1.1" 200 209
2023-06-20 13:40:42 - DEBUG - RESPONSE: [{"id":"3b0b6b30-e611-11ed-a850-3ec107f2d858","type":"environment","name":"NewEnv","production":false},{"id":"26427a90-5183-11ed-ad41-b209467b75a1","type":"environment","name":"Prod-Default","production":true},{"id":"264d5000-5183-11ed-ad41-b209467b75a1","type":"environment","name":"Staging-Default","production":false},{"id":"2585d5c0-69f7-11ed-b08f-b28c78ab4dcf","type":"environment","name":"new-test2","production":false}]
2023-06-20 13:40:46 - DEBUG - GET https://api.split.io/internal/api/v2/segments/ws/2633fba0-5183-11ed-ad41-b209467b75a1/environments/26427a90-5183-11ed-ad41-b209467b75a1?limit=50&offset=0
2023-06-20 13:40:46 - DEBUG - HEADERS: {'Authorization': 'Bearer n2ma78it4t272mq00elmkrshkhdr64btanh1'}
2023-06-20 13:40:46 - DEBUG - Starting new HTTPS connection (1): api.split.io:443
2023-06-20 13:40:46 - DEBUG - https://api.split.io:443 "GET /internal/api/v2/segments/ws/2633fba0-5183-11ed-ad41-b209467b75a1/environments/26427a90-5183-11ed-ad41-b209467b75a1?limit=50&offset=0 HTTP/1.1" 200 312
2023-06-20 13:40:46 - DEBUG - RESPONSE: {"objects":[{"name":"segment_name","environment":{"id":"26427a90-5183-11ed-ad41-b209467b75a1","name":"Prod-Default"},"trafficType":{"id":"26355b30-5183-11ed-ad41-b209467b75a1","name":"user"},"creationTime":1684867894582},{"name":"qatest","environment":{"id":"26427a90-5183-11ed-ad41-b209467b75a1","name":"Prod-Default"},"trafficType":{"id":"fe9864c0-65cb-11ed-86ed-b6666950e6c2","name":"Test"},"creationTime":1680555272871},{"name":"qa","environment":{"id":"26427a90-5183-11ed-ad41-b209467b75a1","name":"Prod-Default"},"trafficType":{"id":"26355b30-5183-11ed-ad41-b209467b75a1","name":"user"},"creationTime":1682713822535},{"name":"holdout_users","environment":{"id":"26427a90-5183-11ed-ad41-b209467b75a1","name":"Prod-Default"},"trafficType":{"id":"26355b30-5183-11ed-ad41-b209467b75a1","name":"user"},"creationTime":1686803045061},{"name":"holdout_accounts","environment":{"id":"26427a90-5183-11ed-ad41-b209467b75a1","name":"Prod-Default"},"trafficType":{"id":"26355b30-5183-11ed-ad41-b209467b75a1","name":"user"},"creationTime":1686803030325},{"name":"early_adopter_users","environment":{"id":"26427a90-5183-11ed-ad41-b209467b75a1","name":"Prod-Default"},"trafficType":{"id":"26355b30-5183-11ed-ad41-b209467b75a1","name":"user"},"creationTime":1686803037450},{"name":"early_adopter_accounts","environment":{"id":"26427a90-5183-11ed-ad41-b209467b75a1","name":"Prod-Default"},"trafficType":{"id":"26355b30-5183-11ed-ad41-b209467b75a1","name":"user"},"creationTime":1686803041612}],"offset":0,"limit":50,"totalCount":7}
2023-06-20 13:40:46 - DEBUG - GET https://api.split.io/internal/api/v2/segments/26427a90-5183-11ed-ad41-b209467b75a1/early_adopter_accounts/keys?limit=100&offset=0
2023-06-20 13:40:46 - DEBUG - HEADERS: {'Authorization': 'Bearer n2ma78it4t272mq00elmkrshkhdr64btanh1'}
2023-06-20 13:40:46 - DEBUG - Starting new HTTPS connection (1): api.split.io:443
2023-06-20 13:40:47 - DEBUG - https://api.split.io:443 "GET /internal/api/v2/segments/26427a90-5183-11ed-ad41-b209467b75a1/early_adopter_accounts/keys?limit=100&offset=0 HTTP/1.1" 200 127
2023-06-20 13:40:47 - DEBUG - RESPONSE: {"keys":[{"key":"ef457c30-e8f6-11ec-81bd-2ec5c9b69632"}],"openChangeRequestId":null,"count":1,"offset":0,"limit":100}
2023-06-20 13:40:47 - DEBUG - Starting new HTTPS connection (1): api.split.io:443
2023-06-20 13:40:47 - DEBUG - https://api.split.io:443 "POST /internal/api/v2/changeRequests/ws/2633fba0-5183-11ed-ad41-b209467b75a1/environments/26427a90-5183-11ed-ad41-b209467b75a1 HTTP/1.1" 200 527
2023-06-20 13:40:47 - DEBUG - Starting new HTTPS connection (1): api.split.io:443
2023-06-20 13:40:48 - DEBUG - https://api.split.io:443 "GET /internal/api/v2/changeRequests/bea42730-0faa-11ee-a78d-a2de9a003097 HTTP/1.1" 200 364
2023-06-20 13:40:53 - DEBUG - Starting new HTTPS connection (1): api.split.io:443
2023-06-20 13:40:53 - DEBUG - https://api.split.io:443 "GET /internal/api/v2/changeRequests/bea42730-0faa-11ee-a78d-a2de9a003097 HTTP/1.1" 200 364
2023-06-20 13:40:58 - DEBUG - Starting new HTTPS connection (1): api.split.io:443
2023-06-20 13:40:59 - DEBUG - https://api.split.io:443 "GET /internal/api/v2/changeRequests/bea42730-0faa-11ee-a78d-a2de9a003097 HTTP/1.1" 200 364
2023-06-20 13:41:04 - DEBUG - Starting new HTTPS connection (1): api.split.io:443
2023-06-20 13:41:04 - DEBUG - https://api.split.io:443 "GET /internal/api/v2/changeRequests/bea42730-0faa-11ee-a78d-a2de9a003097 HTTP/1.1" 200 364
2023-06-20 13:41:09 - DEBUG - Starting new HTTPS connection (1): api.split.io:443
2023-06-20 13:41:10 - DEBUG - https://api.split.io:443 "GET /internal/api/v2/changeRequests/bea42730-0faa-11ee-a78d-a2de9a003097 HTTP/1.1" 200 365
2023-06-20 13:41:10 - DEBUG - Starting new HTTPS connection (1): api.split.io:443
2023-06-20 13:41:10 - DEBUG - https://api.split.io:443 "POST /internal/api/v2/changeRequests/ws/2633fba0-5183-11ed-ad41-b209467b75a1/environments/26427a90-5183-11ed-ad41-b209467b75a1 HTTP/1.1" 200 526
2023-06-20 13:41:10 - DEBUG - GET https://api.split.io/internal/api/v2/segments/ws/2633fba0-5183-11ed-ad41-b209467b75a1/environments/26427a90-5183-11ed-ad41-b209467b75a1?limit=50&offset=0
2023-06-20 13:41:10 - DEBUG - HEADERS: {'Authorization': 'Bearer n2ma78it4t272mq00elmkrshkhdr64btanh1'}
2023-06-20 13:41:10 - DEBUG - Starting new HTTPS connection (1): api.split.io:443
2023-06-20 13:41:11 - DEBUG - https://api.split.io:443 "GET /internal/api/v2/segments/ws/2633fba0-5183-11ed-ad41-b209467b75a1/environments/26427a90-5183-11ed-ad41-b209467b75a1?limit=50&offset=0 HTTP/1.1" 200 312
2023-06-20 13:41:11 - DEBUG - RESPONSE: {"objects":[{"name":"segment_name","environment":{"id":"26427a90-5183-11ed-ad41-b209467b75a1","name":"Prod-Default"},"trafficType":{"id":"26355b30-5183-11ed-ad41-b209467b75a1","name":"user"},"creationTime":1684867894582},{"name":"qatest","environment":{"id":"26427a90-5183-11ed-ad41-b209467b75a1","name":"Prod-Default"},"trafficType":{"id":"fe9864c0-65cb-11ed-86ed-b6666950e6c2","name":"Test"},"creationTime":1680555272871},{"name":"qa","environment":{"id":"26427a90-5183-11ed-ad41-b209467b75a1","name":"Prod-Default"},"trafficType":{"id":"26355b30-5183-11ed-ad41-b209467b75a1","name":"user"},"creationTime":1682713822535},{"name":"holdout_users","environment":{"id":"26427a90-5183-11ed-ad41-b209467b75a1","name":"Prod-Default"},"trafficType":{"id":"26355b30-5183-11ed-ad41-b209467b75a1","name":"user"},"creationTime":1686803045061},{"name":"holdout_accounts","environment":{"id":"26427a90-5183-11ed-ad41-b209467b75a1","name":"Prod-Default"},"trafficType":{"id":"26355b30-5183-11ed-ad41-b209467b75a1","name":"user"},"creationTime":1686803030325},{"name":"early_adopter_users","environment":{"id":"26427a90-5183-11ed-ad41-b209467b75a1","name":"Prod-Default"},"trafficType":{"id":"26355b30-5183-11ed-ad41-b209467b75a1","name":"user"},"creationTime":1686803037450},{"name":"early_adopter_accounts","environment":{"id":"26427a90-5183-11ed-ad41-b209467b75a1","name":"Prod-Default"},"trafficType":{"id":"26355b30-5183-11ed-ad41-b209467b75a1","name":"user"},"creationTime":1686803041612}],"offset":0,"limit":50,"totalCount":7}
2023-06-20 13:41:11 - DEBUG - GET https://api.split.io/internal/api/v2/segments/26427a90-5183-11ed-ad41-b209467b75a1/holdout_accounts/keys?limit=100&offset=0
2023-06-20 13:41:11 - DEBUG - HEADERS: {'Authorization': 'Bearer n2ma78it4t272mq00elmkrshkhdr64btanh1'}
2023-06-20 13:41:11 - DEBUG - Starting new HTTPS connection (1): api.split.io:443
2023-06-20 13:41:11 - DEBUG - https://api.split.io:443 "GET /internal/api/v2/segments/26427a90-5183-11ed-ad41-b209467b75a1/holdout_accounts/keys?limit=100&offset=0 HTTP/1.1" 200 177
2023-06-20 13:41:11 - DEBUG - RESPONSE: {"keys":[{"key":"01692750-614f-11e9-8af6-0a1c02136776"},{"key":"b6792840-9b94-11ea-9e59-126cfe1f67a5"},{"key":"89e05c20-77aa-11eb-8628-1690990a9bbb"}],"openChangeRequestId":null,"count":3,"offset":0,"limit":100}
2023-06-20 13:41:11 - DEBUG - Starting new HTTPS connection (1): api.split.io:443
2023-06-20 13:41:12 - DEBUG - https://api.split.io:443 "POST /internal/api/v2/changeRequests/ws/2633fba0-5183-11ed-ad41-b209467b75a1/environments/26427a90-5183-11ed-ad41-b209467b75a1 HTTP/1.1" 200 599
2023-06-20 13:41:12 - DEBUG - Starting new HTTPS connection (1): api.split.io:443
2023-06-20 13:41:12 - DEBUG - https://api.split.io:443 "GET /internal/api/v2/changeRequests/cd54d590-0faa-11ee-a78d-a2de9a003097 HTTP/1.1" 200 414
2023-06-20 13:41:17 - DEBUG - Starting new HTTPS connection (1): api.split.io:443
2023-06-20 13:41:18 - DEBUG - https://api.split.io:443 "GET /internal/api/v2/changeRequests/cd54d590-0faa-11ee-a78d-a2de9a003097 HTTP/1.1" 200 414
2023-06-20 13:41:23 - DEBUG - Starting new HTTPS connection (1): api.split.io:443
2023-06-20 13:41:23 - DEBUG - https://api.split.io:443 "GET /internal/api/v2/changeRequests/cd54d590-0faa-11ee-a78d-a2de9a003097 HTTP/1.1" 200 414
2023-06-20 13:41:28 - DEBUG - Starting new HTTPS connection (1): api.split.io:443
2023-06-20 13:41:29 - DEBUG - https://api.split.io:443 "GET /internal/api/v2/changeRequests/cd54d590-0faa-11ee-a78d-a2de9a003097 HTTP/1.1" 200 414
2023-06-20 13:41:34 - DEBUG - Starting new HTTPS connection (1): api.split.io:443
2023-06-20 13:41:34 - DEBUG - https://api.split.io:443 "GET /internal/api/v2/changeRequests/cd54d590-0faa-11ee-a78d-a2de9a003097 HTTP/1.1" 200 414
2023-06-20 13:41:39 - DEBUG - Starting new HTTPS connection (1): api.split.io:443
2023-06-20 13:41:40 - DEBUG - https://api.split.io:443 "GET /internal/api/v2/changeRequests/cd54d590-0faa-11ee-a78d-a2de9a003097 HTTP/1.1" 200 414
2023-06-20 13:41:45 - DEBUG - Starting new HTTPS connection (1): api.split.io:443
2023-06-20 13:41:45 - DEBUG - https://api.split.io:443 "GET /internal/api/v2/changeRequests/cd54d590-0faa-11ee-a78d-a2de9a003097 HTTP/1.1" 200 414
2023-06-20 13:41:50 - DEBUG - Starting new HTTPS connection (1): api.split.io:443
2023-06-20 13:41:51 - DEBUG - https://api.split.io:443 "GET /internal/api/v2/changeRequests/cd54d590-0faa-11ee-a78d-a2de9a003097 HTTP/1.1" 200 414
2023-06-20 13:41:51 - DEBUG - Starting new HTTPS connection (1): api.split.io:443
2023-06-20 13:41:51 - DEBUG - https://api.split.io:443 "POST /internal/api/v2/changeRequests/ws/2633fba0-5183-11ed-ad41-b209467b75a1/environments/26427a90-5183-11ed-ad41-b209467b75a1 HTTP/1.1" 200 598
